{"environment":"development","level":"info","message":"Creating app_access_audit table...","service":"tradingpro-api","timestamp":"2025-12-27 22:46:20"}
{"environment":"development","level":"info","message":"Database connection established","service":"tradingpro-api","timestamp":"2025-12-27 22:46:20"}
{"environment":"development","level":"info","message":"✓ app_access_audit table created successfully","service":"tradingpro-api","timestamp":"2025-12-27 22:46:20"}
{"environment":"development","level":"info","message":"Database connection established","service":"tradingpro-api","timestamp":"2025-12-28 23:42:46"}
{"environment":"development","level":"info","message":"✓ Testimonials table updated for user submissions","service":"tradingpro-api","timestamp":"2025-12-28 23:42:46"}
{"environment":"development","level":"info","message":"Database connection established","service":"tradingpro-api","timestamp":"2025-12-28 23:47:19"}
{"environment":"development","level":"info","message":"✓ Testimonials table updated for user submissions","service":"tradingpro-api","timestamp":"2025-12-28 23:47:19"}
{"environment":"development","level":"info","message":"Database connection established","service":"tradingpro-api","timestamp":"2025-12-28 23:47:53"}
{"environment":"development","level":"info","message":"✓ Testimonials table updated for user submissions","service":"tradingpro-api","timestamp":"2025-12-28 23:47:53"}
{"environment":"development","level":"info","message":"Database connection established","service":"tradingpro-api","timestamp":"2025-12-28 23:48:31"}
{"environment":"development","level":"info","message":"✓ Testimonials table updated for user submissions","service":"tradingpro-api","timestamp":"2025-12-28 23:48:31"}
{"environment":"development","level":"info","message":"Database connection established","service":"tradingpro-api","timestamp":"2025-12-28 23:50:18"}
{"environment":"development","level":"info","message":"✓ Testimonials table updated for user submissions","service":"tradingpro-api","timestamp":"2025-12-28 23:50:18"}
{"environment":"development","level":"info","message":"Starting PostgreSQL data export...","service":"tradingpro-api","timestamp":"2025-12-29 19:48:12"}
{"environment":"development","level":"info","message":"Exporting users...","service":"tradingpro-api","timestamp":"2025-12-29 19:48:12"}
{"environment":"development","level":"info","message":"✓ Exported 5 rows from users","service":"tradingpro-api","timestamp":"2025-12-29 19:48:13"}
{"environment":"development","level":"info","message":"Exporting user_profiles...","service":"tradingpro-api","timestamp":"2025-12-29 19:48:13"}
{"environment":"development","level":"info","message":"✓ Exported 5 rows from user_profiles","service":"tradingpro-api","timestamp":"2025-12-29 19:48:13"}
{"environment":"development","level":"info","message":"Exporting products...","service":"tradingpro-api","timestamp":"2025-12-29 19:48:13"}
{"environment":"development","level":"info","message":"✓ Exported 3 rows from products","service":"tradingpro-api","timestamp":"2025-12-29 19:48:13"}
{"environment":"development","level":"info","message":"Exporting carts...","service":"tradingpro-api","timestamp":"2025-12-29 19:48:13"}
{"environment":"development","level":"info","message":"✓ Exported 3 rows from carts","service":"tradingpro-api","timestamp":"2025-12-29 19:48:13"}
{"environment":"development","level":"info","message":"Exporting cart_items...","service":"tradingpro-api","timestamp":"2025-12-29 19:48:13"}
{"environment":"development","level":"info","message":"✓ Exported 0 rows from cart_items","service":"tradingpro-api","timestamp":"2025-12-29 19:48:13"}
{"environment":"development","level":"info","message":"Exporting subscription_orders...","service":"tradingpro-api","timestamp":"2025-12-29 19:48:13"}
{"environment":"development","level":"info","message":"✓ Exported 9 rows from subscription_orders","service":"tradingpro-api","timestamp":"2025-12-29 19:48:13"}
{"environment":"development","level":"info","message":"Exporting subscription_order_items...","service":"tradingpro-api","timestamp":"2025-12-29 19:48:13"}
{"environment":"development","level":"info","message":"✓ Exported 11 rows from subscription_order_items","service":"tradingpro-api","timestamp":"2025-12-29 19:48:13"}
{"environment":"development","level":"info","message":"Exporting subscriptions...","service":"tradingpro-api","timestamp":"2025-12-29 19:48:13"}
{"environment":"development","level":"info","message":"✓ Exported 5 rows from subscriptions","service":"tradingpro-api","timestamp":"2025-12-29 19:48:13"}
{"environment":"development","level":"info","message":"Exporting login_audit...","service":"tradingpro-api","timestamp":"2025-12-29 19:48:13"}
{"environment":"development","level":"info","message":"✓ Exported 238 rows from login_audit","service":"tradingpro-api","timestamp":"2025-12-29 19:48:13"}
{"environment":"development","level":"info","message":"Exporting system_config...","service":"tradingpro-api","timestamp":"2025-12-29 19:48:13"}
{"environment":"development","level":"info","message":"✓ Exported 11 rows from system_config","service":"tradingpro-api","timestamp":"2025-12-29 19:48:13"}
{"environment":"development","level":"info","message":"Exporting session...","service":"tradingpro-api","timestamp":"2025-12-29 19:48:13"}
{"environment":"development","level":"info","message":"✓ Exported 29 rows from session","service":"tradingpro-api","timestamp":"2025-12-29 19:48:13"}
{"environment":"development","level":"info","message":"Exporting offers...","service":"tradingpro-api","timestamp":"2025-12-29 19:48:13"}
{"environment":"development","level":"info","message":"✓ Exported 0 rows from offers","service":"tradingpro-api","timestamp":"2025-12-29 19:48:13"}
{"environment":"development","level":"info","message":"Exporting testimonials...","service":"tradingpro-api","timestamp":"2025-12-29 19:48:13"}
{"environment":"development","level":"info","message":"✓ Exported 1 rows from testimonials","service":"tradingpro-api","timestamp":"2025-12-29 19:48:13"}
{"environment":"development","level":"info","message":"Exporting email_queue...","service":"tradingpro-api","timestamp":"2025-12-29 19:48:13"}
{"environment":"development","level":"info","message":"✓ Exported 14 rows from email_queue","service":"tradingpro-api","timestamp":"2025-12-29 19:48:13"}
{"environment":"development","level":"info","message":"Exporting error_logs...","service":"tradingpro-api","timestamp":"2025-12-29 19:48:13"}
{"environment":"development","level":"info","message":"✓ Exported 10 rows from error_logs","service":"tradingpro-api","timestamp":"2025-12-29 19:48:13"}
{"environment":"development","level":"info","message":"Exporting performance_metrics...","service":"tradingpro-api","timestamp":"2025-12-29 19:48:13"}
{"environment":"development","level":"info","message":"✓ Exported 3587 rows from performance_metrics","service":"tradingpro-api","timestamp":"2025-12-29 19:48:14"}
{"environment":"development","level":"info","message":"Exporting failed_login_attempts...","service":"tradingpro-api","timestamp":"2025-12-29 19:48:14"}
{"environment":"development","level":"info","message":"✓ Exported 3 rows from failed_login_attempts","service":"tradingpro-api","timestamp":"2025-12-29 19:48:14"}
{"environment":"development","level":"info","message":"Exporting system_alerts...","service":"tradingpro-api","timestamp":"2025-12-29 19:48:14"}
{"environment":"development","level":"info","message":"✓ Exported 0 rows from system_alerts","service":"tradingpro-api","timestamp":"2025-12-29 19:48:14"}
{"environment":"development","level":"info","message":"Creating subscription_orders table...","service":"tradingpro-api","timestamp":"2026-01-01 22:38:02"}
{"environment":"development","error":"SASL: SCRAM-SERVER-FIRST-MESSAGE: client password must be a string","level":"error","message":"Database query error","service":"tradingpro-api","text":"\n            CREATE TABLE IF NOT EXISTS subscription_orders (\n                id SERIAL PRIMARY KEY,\n                user_id INTEGER NOT NULL REFERENCES users(id) ON DELETE CASCADE,\n                status VARCHAR(20) NOT NULL CHECK (status IN ('PENDING', 'APPROVED', 'REJECTED')) DEFAULT 'PENDING',\n                total_amount DECIMAL(12,2) NOT NULL,\n                payment_proof_url TEXT,\n                payment_reference VARCHAR(100),\n                payment_date TIMESTAMP,\n                rejection_reason TEXT,\n                created_at TIMESTAMP DEFAULT NOW(),\n                updated_at TIMESTAMP DEFAULT NOW()\n            );\n        ","timestamp":"2026-01-01 22:38:02"}
{"environment":"development","level":"info","message":"Starting database migrations...","service":"tradingpro-api","timestamp":"2026-01-01 22:52:01"}
{"environment":"development","level":"info","message":"PostgreSQL database connection established","service":"tradingpro-api","timestamp":"2026-01-01 22:52:03"}
{"code":"42703","environment":"development","file":"parse_target.c","length":131,"level":"error","line":"1073","message":"Migration failed column \"key\" of relation \"system_config\" does not exist","name":"error","position":"5466","routine":"checkInsertTargets","service":"tradingpro-api","severity":"ERROR","stack":"error: column \"key\" of relation \"system_config\" does not exist\n    at C:\\Users\\SharmaS8\\OneDrive - Unisys\\Shivam Imp Documents-2024 June\\PythonProgram\\S000-Main-application\\S000-Main-application\\backend\\node_modules\\pg-pool\\index.js:45:11\n    at process.processTicksAndRejections (node:internal/process/task_queues:105:5)\n    at async runMigrations (C:\\Users\\SharmaS8\\OneDrive - Unisys\\Shivam Imp Documents-2024 June\\PythonProgram\\S000-Main-application\\S000-Main-application\\backend\\scripts\\migrate.js:185:9)","timestamp":"2026-01-01 22:52:03"}
{"environment":"development","level":"info","message":"Starting database migrations...","service":"tradingpro-api","timestamp":"2026-01-01 22:53:37"}
{"environment":"development","level":"info","message":"PostgreSQL database connection established","service":"tradingpro-api","timestamp":"2026-01-01 22:53:38"}
{"environment":"development","level":"info","message":"Database migrations completed successfully","service":"tradingpro-api","timestamp":"2026-01-01 22:53:38"}
{"environment":"development","level":"info","message":"Checking cart_items table schema...","service":"tradingpro-api","timestamp":"2026-01-01 22:59:56"}
{"environment":"development","level":"info","message":"PostgreSQL database connection established","service":"tradingpro-api","timestamp":"2026-01-01 22:59:56"}
{"environment":"development","level":"info","message":"cart_items schema is already correct","service":"tradingpro-api","timestamp":"2026-01-01 22:59:56"}
{"environment":"development","level":"info","message":"PostgreSQL database connection established","service":"tradingpro-api","timestamp":"2026-01-01 23:00:50"}
{"environment":"development","level":"info","message":"PostgreSQL database connection established","service":"tradingpro-api","timestamp":"2026-01-01 23:01:18"}
{"environment":"development","level":"info","message":"PostgreSQL database connection established","service":"tradingpro-api","timestamp":"2026-01-01 23:03:39"}
{"environment":"development","level":"info","message":"Checking subscription_order_items table schema...","service":"tradingpro-api","timestamp":"2026-01-01 23:04:15"}
{"environment":"development","level":"info","message":"PostgreSQL database connection established","service":"tradingpro-api","timestamp":"2026-01-01 23:04:16"}
{"environment":"development","level":"info","message":"subscription_order_items schema migration completed","service":"tradingpro-api","timestamp":"2026-01-01 23:04:16"}
{"environment":"development","level":"info","message":"PostgreSQL database connection established","service":"tradingpro-api","timestamp":"2026-01-01 23:04:24"}
{"environment":"development","level":"info","message":"PostgreSQL database connection established","service":"tradingpro-api","timestamp":"2026-01-01 23:04:57"}
{"environment":"development","level":"info","message":"PostgreSQL database connection established","service":"tradingpro-api","timestamp":"2026-01-01 23:12:07"}
{"environment":"development","level":"info","message":"PostgreSQL database connection established","service":"tradingpro-api","timestamp":"2026-01-02 09:10:39"}
{"environment":"development","level":"info","message":"Fixing subscriptions table foreign key...","service":"tradingpro-api","timestamp":"2026-01-02 09:11:03"}
{"environment":"development","level":"info","message":"PostgreSQL database connection established","service":"tradingpro-api","timestamp":"2026-01-02 09:11:04"}
{"environment":"development","level":"info","message":"Subscriptions foreign key fixed","service":"tradingpro-api","timestamp":"2026-01-02 09:11:04"}
{"environment":"development","level":"info","message":"PostgreSQL database connection established","service":"tradingpro-api","timestamp":"2026-01-02 09:32:19"}
{"environment":"development","level":"info","message":"PostgreSQL database connection established","service":"tradingpro-api","timestamp":"2026-01-02 09:33:01"}
{"environment":"development","level":"info","message":"PostgreSQL database connection established","service":"tradingpro-api","timestamp":"2026-01-02 09:33:31"}
{"environment":"development","level":"info","message":"PostgreSQL database connection established","service":"tradingpro-api","timestamp":"2026-01-02 09:34:08"}
